ace-jump-mode-20140616.115
ace-window-20150513.1454
ace-window-20150520.1014
ace-window-readme.txt
ack-and-a-half-20130815.1917
anaphora-20140728.1536
archives
ascope-20130824.1158
async-20150518.1113
async-20150529.529
avy-20150519.529
avy-20150603.919
dash-20150513.1027
dash-functional-20150311.2358
deferred-20150309.2052
epl-20150517.433
expand-region-20150414.908
expand-region-20150525.205
f-20150217.328
fringe-helper-20140620.1409
git-commit-mode-20150330.1048
git-gutter-20150501.756
git-gutter-fringe-20150331.2139
git-rebase-mode-20150122.1114
gnupg
helm-20150519.204
helm-20150603.2310
helm-git-readme.txt
helm-make-readme.txt
helm-spaces-readme.txt
ido-completing-read+-20150423.1037
ido-completing-read+-20150528.2322
ido-ubiquitous-20150423.1037
ido-ubiquitous-20150528.2322
ido-vertical-mode-20150418.944
jekyll-modes-readme.txt
key-chord-20140929.2246
keywiz-1.4
magit-20150516.412
magit-20150525.1145
markdown-mode-20150528.1552
markdown-mode-20150603.1303
markdown-mode-readme.txt
multiple-cursors-20150307.2322
multiple-cursors-20150528.2303
multi-term-20150220.1320
mustache-readme.txt
old-stuff
org-20150518
org2jekyll-20150515.1407
org2jekyll.el
org-bullets-20140918.1137
org-context-readme.txt
org-dotemacs-readme.txt
org-page-readme.txt
org-toc-20150401.654
org-toc-readme.txt
paredit-20150217.713
parenface-20141125.828
pkg-info-20150517.443
projectile-20150517.1305
projectile-20150602.557
purpose-readme.txt
pylint-readme.txt
python-mode-20150428.1253
python-mode-20150520.353
pyvenv-20150503.941
pyvenv-readme.txt
register-channel-20140803.1409
register-channel-20141209.1028
register-channel-20150513.2059
register-channel-readme.txt
rich-minority-20150305.516
ruby-refactor-readme.txt
s-20140910.334
smart-mode-line-20150426.910
smartparens-20150501.356
smartparens-20150603.948
smartscan-20131230.739
smex-20141027.245
smex-20141210.1422
sphinx-doc-20140524.857
sphinx-doc-readme.txt
virtualenv-readme.txt
w3m-20150511.1802
w3m-20150513.1
w3m-20150601.1727
wgrep-20141016.1656
workgroups2-20141102.1122
yasnippet-20150415.244
yasnippet-readme.txt
zeal-at-point-20150119.2356
zenburn-theme-20150509.305
zenburn-theme-20150512.136
